commit f536025d4e8b4716b69c6c6ca34819baf309a910
Merge: f7a654f 0d70ba3
Author: Brian Bechtel <brianbechtel@outlook.com>
Date:   Thu Nov 17 05:43:26 2016 -0600

    Merge branch 'dev' of https://github.com/cs373gc-fall-2016/spartify into dev

commit f7a654f42ced30be2986e5d0b5a27094066c08d5
Author: Brian Bechtel <brianbechtel@outlook.com>
Date:   Thu Nov 17 05:42:53 2016 -0600

    Formatted with autopep8 regenerated doc files

commit 0d70ba3323ebf8469caae5bed6bf337817efd6fa
Merge: 8940913 8f54dbb
Author: lock14 <lock14@users.noreply.github.com>
Date:   Thu Nov 17 00:49:50 2016 -0600

    Merge pull request #105 from cs373gc-fall-2016/visualization-placeholder
    
    Visualization placeholder

commit 89409139518a2bdcd0ef45d3dab82f1a41cbe7e7
Merge: 55dfe00 5a90b0c
Author: lock14 <lock14@users.noreply.github.com>
Date:   Wed Nov 16 16:07:51 2016 -0600

    Merge pull request #103 from cs373gc-fall-2016/master
    
    Master and Dev out of sync

commit 5a90b0ccff969c3a3edd41c5e3277617f323b67c
Author: Ubuntu <ubuntu@ip-172-31-21-2.us-west-2.compute.internal>
Date:   Wed Nov 16 21:33:17 2016 +0000

    Noticed bug in language search component. fixed now

commit 596f149035d4990aa6219fcbeb03f6d0f1e45280
Merge: b834dd8 55dfe00
Author: lock14 <lock14@users.noreply.github.com>
Date:   Wed Nov 16 15:18:52 2016 -0600

    Merge pull request #102 from cs373gc-fall-2016/dev
    
    Tweaks

commit b834dd8164519f6229a56d3a6cdb7d34ad869b95
Merge: a4cc028 7146b2a
Author: lock14 <lock14@users.noreply.github.com>
Date:   Wed Nov 16 14:46:49 2016 -0600

    Merge pull request #101 from cs373gc-fall-2016/dev
    
    Dev

commit 7146b2abea90cc953eb3e411457f116b1243cc9f
Merge: 26e2ea1 88f49cd
Author: lock14 <lock14@users.noreply.github.com>
Date:   Wed Nov 16 14:46:05 2016 -0600

    Merge pull request #100 from cs373gc-fall-2016/search-highlight
    
    Search Highlighting

commit 8f54dbbd3deeae1fdcd54007a4c9acbc7c7e5fa8
Author: Brian Bechtel <brianbechtel@outlook.com>
Date:   Wed Nov 16 13:05:08 2016 -0600

    Placeholder for visualization.

commit a4cc02830f90f5a996c6b7c6244d5f9a3a8b981e
Author: Cindy Wu <cindywu2018@utexas.edu>
Date:   Wed Nov 16 12:47:38 2016 -0600

    deleted DS Store in app folder, please no more

commit bb085caf369fe581e13273e65025207c96500296
Author: cindywu <cindywu2018@utexas.edu>
Date:   Wed Nov 16 12:46:36 2016 -0600

    added DS store into gitignore

commit 24815410eb1e5f17810a43116a0ea21253d8b34c
Author: Cindy Wu <cindywu2018@utexas.edu>
Date:   Wed Nov 16 12:46:03 2016 -0600

    deleted DS Store annoying mac files

commit 443a36573ef0dfda48173590dc7b6370a31d8329
Author: cindywu <cindywu2018@utexas.edu>
Date:   Wed Nov 16 12:21:42 2016 -0600

    updated our buttons and added a link to our presentation in about page

commit 823c0b1462fd35945deb5bde88aff92473a5965c
Author: Brian Bechtel <brianbechtel@outlook.com>
Date:   Wed Nov 16 11:29:57 2016 -0600

    Stuff

commit 26e2ea1c8a52b2b2bd04a7bf5af7c0eb93c95882
Merge: fe37bdf 8ea2f1a
Author: Jack Jiang <jackjiang@utexas.edu>
Date:   Wed Nov 16 11:29:46 2016 -0600

    Merge branch 'dev' of https://github.com/cs373gc-fall-2016/spartify into dev

commit fe37bdf9fbbece8b354a62242b83e4f97905c028
Author: Jack Jiang <jackjiang@utexas.edu>
Date:   Wed Nov 16 11:28:54 2016 -0600

    angularized splash images and shrunk height to fit to page

commit 55dfe0025a9c68ea734e95f1d578bdc17002f0de
Author: Brian Bechtel <brianbechtel@outlook.com>
Date:   Wed Nov 16 09:18:10 2016 -0600

    Tweaks

commit b85b7d637562ae6a2699fa975a5df27e2ac16363
Author: cindywu <cindywu2018@utexas.edu>
Date:   Wed Nov 16 01:55:21 2016 -0600

    changed carousel images and number to 5

commit 87ac48cbeb260c18b9daa4473b7d715469f24d86
Author: cindywu <cindywu2018@utexas.edu>
Date:   Wed Nov 16 01:54:43 2016 -0600

    added new images to our splash page

commit 95fdbc72d9d2afd580abd73449770960280a118b
Merge: b5b328b d479d22
Author: cindywu <cindywu2018@utexas.edu>
Date:   Wed Nov 16 00:25:34 2016 -0600

    somehow changed about component and didnt realize it, committing it because git complained

commit b5b328b33173c83150ed9fce5081726acfd4bfa5
Merge: 1f928b9 afc6f6a
Author: cindywu <cindywu2018@utexas.edu>
Date:   Tue Nov 15 17:16:01 2016 -0600

    Merge branch 'master' of https://github.com/cs373gc-fall-2016/spartify into splash-improv

commit 1f928b9eeb139ca24db764d22f68c421a264228e
Author: cindywu <cindywu2018@utexas.edu>
Date:   Tue Nov 15 17:15:44 2016 -0600

    updated about page stats

commit d733f3b276cfd70de7038c9e2258be87289a79ec
Author: cindywu <cindywu2018@utexas.edu>
Date:   Tue Nov 15 17:10:33 2016 -0600

    fixed the images being cut off

commit 4e6f4aebdbe8578b1868a30160edc1dbaafcd4c6
Author: cindywu <cindywu2018@utexas.edu>
Date:   Tue Nov 15 17:09:53 2016 -0600

    added some coloring stuff

commit 8ea2f1af8da205a9bbba22c7c83814a56a8656d2
Author: Brian Bechtel <brianbechtel@outlook.com>
Date:   Tue Nov 15 14:49:42 2016 -0600

    Added CORS headers so other teams can use our REST API

commit d479d226afbee111e9e04ddcb48823cdbe72cb80
Author: Brian Bechtel <brianbechtel@outlook.com>
Date:   Tue Nov 15 13:34:12 2016 -0600

    Fixed fullscreen carousel

commit 88f49cd9cad3f3579fa038c0646c82a011790471
Author: Brian Bechtel <brianbechtel@outlook.com>
Date:   Tue Nov 15 05:12:43 2016 -0600

    Search Highlighting

commit 55bfd7c1b49006d4910146189941a1ba1814e1b0
Merge: df45313 1dcbe5e
Author: lock14 <lock14@users.noreply.github.com>
Date:   Fri Nov 11 15:11:16 2016 -0600

    Merge pull request #97 from cs373gc-fall-2016/search
    
    Search

commit 30b1eb6144c52429ee2e1320a39225f6a4c258ed
Author: cindywu <cindywu2018@utexas.edu>
Date:   Fri Nov 11 13:00:05 2016 -0600

    temporarily working images. this hacky solution makes the resolution better but cuts off an image on the bottom. needs fix

commit 23b73f63b03f202294663c6b721aa6ce17c9b115
Author: cindywu <cindywu2018@utexas.edu>
Date:   Fri Nov 11 12:59:20 2016 -0600

    fixed isActive() thing

commit 71bdaf8eb3fb44a874e3a0ee27f156b421b5bfdb
Author: cindywu <cindywu2018@utexas.edu>
Date:   Fri Nov 11 12:58:54 2016 -0600

    fixed images on splash page so they are full screen

commit 8a7908cb3ae8a4b4d1c8a316e1a0378a0659ecfa
Author: cindywu <cindywu2018@utexas.edu>
Date:   Fri Nov 11 12:58:23 2016 -0600

    added new image to better fit splash page

commit 1dcbe5e5c129ffe350144d64eb1f8875798c3f11
Author: Brian Bechtel <brianbechtel@outlook.com>
Date:   Fri Nov 11 09:08:10 2016 -0600

    Search Implmented. Just need to highlight search terms

commit afc6f6a9b43aa3ed82b7ba47ed8444cfbc768787
Author: jack0lantern <j_j_jiang@yahoo.com>
Date:   Wed Nov 9 10:38:00 2016 -0600

    fixed README grammar mistakes

commit bc91d5fb272445e9af15b3b905b524e63b0c7943
Author: cindywu <cindywu2018@utexas.edu>
Date:   Tue Nov 8 17:37:43 2016 -0600

    changed images to open source images, class item giving 0x0 pixels

commit 0bb0ebd31d6e900d8db711d990ad84331147b346
Author: Brian Bechtel <brianbechtel@outlook.com>
Date:   Tue Nov 8 14:10:29 2016 -0600

    more work on search

commit 84e79b8b19731093b1a12598f6dacb0b0f3ac4dd
Author: Brian Bechtel <brianbechtel@outlook.com>
Date:   Mon Nov 7 15:36:22 2016 -0600

    Initial REST API for search

commit bedbe31fe083437d7bc050b95e41e124b6f5b537
Author: cindywu <cindywu2018@utexas.edu>
Date:   Thu Nov 3 18:30:35 2016 -0500

    added full screen class, figured out how to enlarge the picture BUT ITS NOT SHOWING UP ON OUR SITE

commit 697ae36153cca2a68c0cd6b5d82aa6038198402c
Author: cindywu <cindywu2018@utexas.edu>
Date:   Thu Nov 3 18:29:57 2016 -0500

    added full screen class

commit 763c3be471b80e18a6500be8cafc0f8b3e900b51
Author: cindywu <cindywu2018@utexas.edu>
Date:   Thu Nov 3 18:29:37 2016 -0500

    added some styling in full slider code

commit 928add5323b50ae692b872ac970f1e61e98c4fa0
Author: cindywu <cindywu2018@utexas.edu>
Date:   Thu Nov 3 11:17:40 2016 -0500

    splash changes

commit 2f18a64c9c1d704757f3d482070212fdbe7357e1
Author: cindywu <cindywu2018@utexas.edu>
Date:   Thu Nov 3 11:09:25 2016 -0500

    Revert "somehow restricted carousel to 3 images by deleting stuff"
    
    This reverts commit 5352fe0f3d39eaf3210c352bd03b76baf1336225.

commit f6fbfb27eb15e95bb61274c3cf9d1d429d413bc8
Author: cindywu <cindywu2018@utexas.edu>
Date:   Thu Nov 3 11:09:13 2016 -0500

    Revert "added the full slider.css link in index.html"
    
    This reverts commit 51ed2db329e12c5785351fd67e7776e341ac68aa.

commit 616e2db351cea232d3c1c383647e3e155815e33c
Author: cindywu <cindywu2018@utexas.edu>
Date:   Thu Nov 3 11:08:07 2016 -0500

    Revert "the full slider code...need to modify so it actually does the full screen thing"
    
    This reverts commit aa6bc76a886f8d5daccea4eb8edf227397661378.

commit 7a4b0f2db78c4e4d8fa68bafed3c97b0f2fd1f0c
Merge: aa6bc76 df45313
Author: lock14 <lock14@users.noreply.github.com>
Date:   Thu Nov 3 09:42:37 2016 -0500

    Merge pull request #85 from cs373gc-fall-2016/dev
    
    Dev

commit df45313bac86a097726fce6d9af98a573279b5d4
Merge: f0a1ebd 0f933f6
Author: lock14 <lock14@users.noreply.github.com>
Date:   Thu Nov 3 09:39:26 2016 -0500

    Merge pull request #84 from cs373gc-fall-2016/submission-finalize
    
    Updated things in preparation for submission

commit aa6bc76a886f8d5daccea4eb8edf227397661378
Author: cindywu <cindywu2018@utexas.edu>
Date:   Thu Nov 3 09:26:36 2016 -0500

    the full slider code...need to modify so it actually does the full screen thing

commit 51ed2db329e12c5785351fd67e7776e341ac68aa
Author: cindywu <cindywu2018@utexas.edu>
Date:   Thu Nov 3 09:24:58 2016 -0500

    added the full slider.css link in index.html

commit f0a1ebdb7513651d29c64ec52c5acef4833af9db
Merge: fd70cfa 024af0c
Author: lock14 <lock14@users.noreply.github.com>
Date:   Thu Nov 3 08:57:38 2016 -0500

    Merge pull request #82 from cs373gc-fall-2016/unit-tests
    
    Super Hacky way to run the unit tests

commit 0f933f6f38d091de4b3c700fc15fc7fe9818570d
Author: Brian Bechtel <brianbechtel@outlook.com>
Date:   Thu Nov 3 04:32:08 2016 -0500

    Updated things in preparation for submission
    
    Formatted python files with autopep8
    
    Generated pydoc files for each of the python files
    
    Updated about page statistics
    
    Added link to about page to wiki page that
      explains how data was scraped
    
    Added TA-README file to help TA locate documentation files
    
    Renamed test.sh unit-test.sh as the name test.sh
      was causing weird behavior with make test

commit 5352fe0f3d39eaf3210c352bd03b76baf1336225
Author: cindywu <cindywu2018@utexas.edu>
Date:   Wed Nov 2 13:46:43 2016 -0500

    somehow restricted carousel to 3 images by deleting stuff

commit 024af0c61b599cd5136636c421515d3f1eb8c7e9
Author: Brian Bechtel <brianbechtel@outlook.com>
Date:   Tue Nov 1 14:14:50 2016 -0500

    Super Hacky way to run the unit tests

commit cadb3afb2ee3a8df187ca51f2f0c86acae81dfe7
Author: lock14 <brianrbechtel@gmail.com>
Date:   Tue Nov 1 11:26:57 2016 -0500

    Updated API documentation to reflect new additions that accommodate lazy loading

commit ca401bc304854aa2696c2f266cb0b4793b61e840
Merge: a19fe1c 2dd49d1
Author: lock14 <lock14@users.noreply.github.com>
Date:   Mon Oct 31 19:41:45 2016 -0500

    Merge pull request #80 from cs373gc-fall-2016/dev
    
    Updating Master

commit 2dd49d15161a5e91b2804bae239d193cbd7217f3
Merge: 155bc40 9881f8a
Author: lock14 <lock14@users.noreply.github.com>
Date:   Mon Oct 31 19:17:41 2016 -0500

    Merge pull request #79 from cs373gc-fall-2016/lazy-sort-fix
    
    Made it so we can sort even though we use lazy loading

commit a19fe1c70f84a251a77e2b90ce474372e5be6e74
Merge: 4fc2f5d 9881f8a
Author: lock14 <lock14@users.noreply.github.com>
Date:   Mon Oct 31 19:08:02 2016 -0500

    Merge pull request #78 from cs373gc-fall-2016/lazy-sort-fix
    
    Lazy sort fix

commit 155bc4072f5db236d88327cc52caae4be77c9308
Merge: 6f82a94 2100da4
Author: lock14 <lock14@users.noreply.github.com>
Date:   Mon Oct 31 17:18:02 2016 -0500

    Merge pull request #77 from cs373gc-fall-2016/lazy-load
    
    implemented lazy loading of the tables and stuff

commit 9881f8a01918bff835814ef026e70bb5148e9d19
Author: Brian Bechtel <brianbechtel@outlook.com>
Date:   Mon Oct 31 14:01:42 2016 -0500

    Made it so we can sort even though we use lazy loading

commit 6f82a94146dfd472f2b050ba5f4bb1c82b33d600
Author: Brian Bechtel <brianbechtel@outlook.com>
Date:   Mon Oct 31 12:13:36 2016 -0500

    updated full dump file removing 'null'
    
    replaced attributes that had a literal 'null' string with an
    actual null string

commit 398c643d04090b23f2d981db8f8705c220a92e17
Merge: e4cb7c6 5780d2c
Author: lock14 <lock14@users.noreply.github.com>
Date:   Mon Oct 31 14:39:14 2016 -0500

    Merge pull request #76 from cs373gc-fall-2016/ui-bugfixes
    
    Fixed some bugs

commit e4cb7c67220638c5c7cf837bb94e48f786506ba3
Merge: 5e61bc0 0067c8a
Author: lock14 <lock14@users.noreply.github.com>
Date:   Mon Oct 31 14:35:21 2016 -0500

    Merge pull request #75 from cs373gc-fall-2016/refactor
    
    Looks Good

commit 2100da4c983b481308719ed6098fe777f669fb18
Author: Brian Bechtel <brianbechtel@outlook.com>
Date:   Mon Oct 31 12:03:02 2016 -0500

    implemented lazy loading of the tables and stuff

commit 0067c8aa410e98965e73f54ed88fc7658f469597
Author: Vladislav Manoylo <vladislav.manoylo@gmail.com>
Date:   Sun Oct 30 15:47:13 2016 -0500

    Factor out database table

commit 336b4cbcb611805145aa72d429924a62629f48ac
Author: Vladislav Manoylo <vladislav.manoylo@gmail.com>
Date:   Sun Oct 30 15:44:21 2016 -0500

    Remove trivial helper function

commit 89208e721b3733de8d591af1180d7163e4b3ac2e
Author: Vladislav Manoylo <vladislav.manoylo@gmail.com>
Date:   Sun Oct 30 15:42:43 2016 -0500

    Combine functions looking for single model

commit 2a3809bf7bed3b7a308eadcc5aa832cfd987d83d
Author: Vladislav Manoylo <vladislav.manoylo@gmail.com>
Date:   Sun Oct 30 15:39:19 2016 -0500

    Combine model page functions

commit 5780d2c47ad8dd7800ff344a711f0f088a8e21cd
Author: Brian Bechtel <brianbechtel@outlook.com>
Date:   Mon Oct 31 09:16:02 2016 -0500

    Fixed some bugs
    
    * Made it so it ther are no members for a Company, the members panel is not rendered, similarly for the other panels
    * Some contributors do not have a location, if this is the case the location link is no longer rendered
    * Made it so a details page queries the backend directly rather the getting all the data and searching for the specficic ones desired

commit fd70cfa17ce8d528e8c6b3f40ddd6b578642ffa3
Author: Jack Jiang <jackjiang@utexas.edu>
Date:   Sun Oct 30 21:22:05 2016 -0500

    cleaned up requirements.txt file a little

commit 5e61bc0211a21d057d5ce879b9feead719cada2e
Author: Brian Bechtel <brianrbechtel@gmail.com>
Date:   Sun Oct 30 17:53:20 2016 -0500

    Removed "null" literals and replace them with actual null strings
    
    Reduced data set a little farther as well

commit 2c68aa59dfd3138a7e3b00ea1ef15e5b4edb6e19
Author: Brian Bechtel <brianrbechtel@gmail.com>
Date:   Sun Oct 30 17:30:25 2016 -0500

    Somehow these got out of date readding them

commit 7a938bca8b028d67dc58cf7234cb844514f5562d
Merge: 8f640c0 4fdd1ee
Author: lock14 <lock14@users.noreply.github.com>
Date:   Sun Oct 30 17:19:29 2016 -0500

    Merge pull request #74 from cs373gc-fall-2016/travis-fix
    
    Travis fix

commit 4fc2f5d3ce63436a6949f3d3fb25e6edbaf60b03
Merge: 9bed6b8 4fdd1ee
Author: lock14 <lock14@users.noreply.github.com>
Date:   Sun Oct 30 17:17:39 2016 -0500

    Merge pull request #73 from cs373gc-fall-2016/travis-fix
    
    Travis fix

commit 8f640c02a15e6e98bba6cd613c93d4ac6eb7ea6b
Merge: 0f0db47 9e09677
Author: lock14 <lock14@users.noreply.github.com>
Date:   Sun Oct 30 17:16:18 2016 -0500

    Merge pull request #70 from cs373gc-fall-2016/routing
    
    Now able to correctly route through backend

commit 4fdd1eeddbcf003d2889c363f40586cee0189ce6
Author: Brian Bechtel <brianrbechtel@gmail.com>
Date:   Sun Oct 30 17:14:17 2016 -0500

    updated

commit 0f362ef21a46c28aacac164541d1671ea81dcdb2
Author: Brian Bechtel <brianrbechtel@gmail.com>
Date:   Sun Oct 30 15:57:38 2016 -0500

    tweaks

commit af90f5b890c6a902fb98d615d05efd63180e9001
Author: Brian Bechtel <brianrbechtel@gmail.com>
Date:   Sun Oct 30 15:48:03 2016 -0500

    tweaked yml

commit 274fb1d19829bbd9714ca73678b348df3d606bd4
Author: Brian Bechtel <brianrbechtel@gmail.com>
Date:   Sun Oct 30 15:46:16 2016 -0500

    Re-Added .travis.yml

commit 9e096778a03c8333a7c61bac96fba80b7d72f210
Author: Vladislav Manoylo <vladislav.manoylo@gmail.com>
Date:   Sun Oct 30 14:18:59 2016 -0500

    Add hack for routing from backend
    
    Resolve #68

commit fc4bbff47428bc2f380b9dfb573fb7fffd3a6b36
Author: Vladislav Manoylo <vladislav.manoylo@gmail.com>
Date:   Sun Oct 30 14:03:59 2016 -0500

    Add 'make run' command for back end

commit 64345a72931fa0ff88b19986b132422570c28621
Author: Vladislav Manoylo <vladislav.manoylo@gmail.com>
Date:   Sun Oct 30 13:12:12 2016 -0500

    Ignore vim session file

commit 9bed6b818d47a6cb2d7bd701403e59df0ea12309
Merge: 7683b69 8bee40e
Author: Brian Bechtel <brianbechtel@outlook.com>
Date:   Sun Oct 30 12:53:55 2016 -0500

    Merge branch 'master' of https://github.com/cs373gc-fall-2016/spartify

commit 7683b691861b1e241cba8587f0918b6544522bb7
Merge: a421169 0f0db47
Author: Brian Bechtel <brianbechtel@outlook.com>
Date:   Sun Oct 30 12:52:17 2016 -0500

    Merge branch 'dev'
    
    merged dev into master

commit 0f0db47107f8ac0e80becc8b25b35eba0e19b521
Merge: b460327 0895925
Author: Brian Bechtel <brianbechtel@outlook.com>
Date:   Sun Oct 30 12:45:19 2016 -0500

    Merge remote-tracking branch 'origin/angular2-port' into dev
    
    Merged angular2 port branch into dev

commit 8bee40e575faaa4e555dc873c0f830ee15de3097
Author: Cindy Wu <cindywu2018@utexas.edu>
Date:   Sun Oct 30 12:40:06 2016 -0500

    Added ID attribute to Language in API

commit a421169494b2fcf10d342d6adfda1471e8dad10f
Author: cindywu <cindywu2018@utexas.edu>
Date:   Sun Oct 30 12:26:14 2016 -0500

    updated UML diagram to include IDs for all models as pirmary keys

commit 917a2102062adf4740e55309ea03e1d01d9bd6e6
Author: Brian Bechtel <brianbechtel@outlook.com>
Date:   Sun Oct 30 05:19:42 2016 -0500

    Greatly reduced data set

commit 089592534586c211aa77c80362fce853bf6e72bc
Author: Brian Bechtel <brianbechtel@outlook.com>
Date:   Sun Oct 30 05:18:44 2016 -0500

    tweaks

commit 7b660d85d69e96489de38ee10eca61d0dc142df4
Author: Brian Bechtel <brianbechtel@outlook.com>
Date:   Sun Oct 30 04:13:48 2016 -0500

    updated dump file

commit 1ae68f2e14ef7fdf21ba039820a0ae1523326fcb
Author: Brian Bechtel <brianrbechtel@gmail.com>
Date:   Sat Oct 29 19:40:32 2016 -0500

    New dump file with all the data

commit b144f7c01b3823433802605423d5b2118c7ca402
Author: Brian Bechtel <brianrbechtel@gmail.com>
Date:   Sat Oct 29 18:16:44 2016 -0500

    Fixed missing tab character

commit a24f4393a5d3045c004fc13e4c04190047afd60a
Author: Brian Bechtel <brianrbechtel@gmail.com>
Date:   Sat Oct 29 18:15:37 2016 -0500

    Fized typo newline

commit a1729f5f160426489d49d26836cbbe6e789a1984
Merge: 351ea34 b3b6072
Author: Brian Bechtel <brianrbechtel@gmail.com>
Date:   Sat Oct 29 18:13:46 2016 -0500

    Merge branch 'master' of https://github.com/cs373gc-fall-2016/spartify

commit 351ea344c9f25a825a2c958ed70bb0289eb5479e
Author: Brian Bechtel <brianrbechtel@gmail.com>
Date:   Sat Oct 29 18:12:36 2016 -0500

    Finished getting language data

commit b3b6072b06977e3209ab3a540870a5a73ba2500c
Author: cindywu <cindywu2018@utexas.edu>
Date:   Sat Oct 29 15:39:10 2016 -0500

    deleted UML.pdf

commit a6185b9efdfe0edc61bdb06f00bdd42bc67a04df
Author: cindywu <cindywu2018@utexas.edu>
Date:   Sat Oct 29 14:30:07 2016 -0500

    added UML file to be included in makefile to check for existence

commit 7f9c455600edbd2963d5dc24ba96576acafdfe39
Author: cindywu <cindywu2018@utexas.edu>
Date:   Sat Oct 29 14:29:33 2016 -0500

    renamed UML file to comply with spec requirement

commit 4f886434ed1ff279edb5088386e9ad4b87f0bd14
Author: Brian Bechtel <brianrbechtel@gmail.com>
Date:   Sat Oct 29 11:38:37 2016 -0500

    Added trimmed down langauges and languages_used files
    
    These files have the entries we don't want to track removed

commit dfa74d84156547c0cc575bdba5c14139a21955d2
Author: Brian Bechtel <brianrbechtel@gmail.com>
Date:   Sat Oct 29 09:08:48 2016 -0500

    Columns mislabeled

commit 75691cbfbdd2d168b25b1f26910ca20b4b57dd03
Author: Brian Bechtel <brianrbechtel@gmail.com>
Date:   Sat Oct 29 08:40:43 2016 -0500

    trying alternate escape sequence

commit 0ea4426410bbf14d4080ae1124617596481b5ce7
Author: Brian Bechtel <brianrbechtel@gmail.com>
Date:   Sat Oct 29 08:34:46 2016 -0500

    removed escape character

commit 13d2f5f623de46f694ecda1e09163f184045e6f0
Author: Brian Bechtel <brianrbechtel@gmail.com>
Date:   Sat Oct 29 08:32:51 2016 -0500

    Testing filling in rest of language data

commit 81f8da6bc55c341fb0b1a4def8e25a16791f546a
Author: Brian Bechtel <brianrbechtel@gmail.com>
Date:   Fri Oct 28 23:36:09 2016 -0500

    data

commit 3307c1ba3717361e0f0c3f2639035891f3146792
Author: Brian Bechtel <brianbechtel@outlook.com>
Date:   Fri Oct 28 21:11:49 2016 -0500

    fixed bug with tables, used data grids in detail pages

commit 5d9e43b8415fd91fc27d9ec15bf45d96059aad52
Author: Brian Bechtel <brianbechtel@outlook.com>
Date:   Fri Oct 28 17:41:25 2016 -0500

    Fixed small bug in services

commit b0e1b9d234aef990faa620377d8ca5aa89e91c08
Author: Brian Bechtel <brianbechtel@outlook.com>
Date:   Fri Oct 28 16:52:19 2016 -0500

    Updated readme

commit 129d33e9904ce4b64886df3f7450e33b2e3cbafe
Author: Brian Bechtel <brianbechtel@outlook.com>
Date:   Fri Oct 28 16:48:48 2016 -0500

    Made Tables paginated with sortable columns

commit b460327ee2a08dea9c75a68179c7722ae03c50ed
Author: Carlos Trevino <carlostrevino@utexas.edu>
Date:   Fri Oct 28 11:55:40 2016 -0500

    Simplified API routes.

commit 496b957b5ddeadc3083e9a835ab87b0210655035
Author: Brian Bechtel <brianbechtel@outlook.com>
Date:   Fri Oct 28 08:49:18 2016 -0500

    fixed typo in the in memory data service

commit fb88993e6a39a06605b4e5d88d18dd4f866419ea
Author: Brian Bechtel <brianbechtel@outlook.com>
Date:   Fri Oct 28 08:34:28 2016 -0500

    Fixed Typo in the README

commit 7a24528ea20434c51de767a92bedcb1f3e70a1ab
Author: Brian Bechtel <brianbechtel@outlook.com>
Date:   Fri Oct 28 08:32:56 2016 -0500

    updated

commit fb500076642b60b09f2be9e9a72ab9395ba983e6
Author: Brian Bechtel <brianbechtel@outlook.com>
Date:   Fri Oct 28 08:28:57 2016 -0500

    No longer needed, Using angular templates

commit cc4e2442f91d66fb5f129f84c867919ddd58c5cb
Author: Brian Bechtel <brianrbechtel@gmail.com>
Date:   Thu Oct 27 16:37:03 2016 -0500

    more data!, also changed extension from .txt to .csv

commit 5bd496ef707ca17a840d6c702ba0eb0e513a1a15
Author: cindywu <cindywu2018@utexas.edu>
Date:   Wed Oct 26 20:37:27 2016 -0500

    added the tests section in our About page. a way to run our unit tests. haven't actually implemented it yet

commit 9629ce93e19ff18f1a1cd62c6327c534867a3777
Merge: 320c66a f6c064b
Author: cindywu <cindywu2018@utexas.edu>
Date:   Wed Oct 26 20:29:02 2016 -0500

    fixed merging conflict

commit 320c66a4bc748358e521f56cd8208744556f74f6
Author: cindywu <cindywu2018@utexas.edu>
Date:   Wed Oct 26 20:23:02 2016 -0500

    updated the data scraping description in our About page

commit f6c064be91cf1dd562ec58036ee218574f69d1a6
Author: Cindy Wu <cindywu2018@utexas.edu>
Date:   Wed Oct 26 19:22:01 2016 -0500

    Updated API to be more clear

commit f2e4485c79ea2bcc3875856d82b2810b2bdfe1bb
Author: Brian Bechtel <brianrbechtel@gmail.com>
Date:   Wed Oct 26 16:01:39 2016 -0500

    Data in CSV format

commit aea7177ab376e8549d1763770bf001f51e28c550
Author: Jack Jiang <jackjiang@utexas.edu>
Date:   Wed Oct 26 14:31:17 2016 -0500

    modified README to include postgres user step I always seem to need to do

commit 6f47cda6dc0d537d4356db0cef608895d8fb9efe
Author: Brian Bechtel <brianbechtel@outlook.com>
Date:   Tue Oct 25 01:06:00 2016 -0500

    More porting, almost done

commit 046de34b4a9c5ea19c2a7f7a17e36bcef98e5991
Author: Brian Bechtel <brianbechtel@outlook.com>
Date:   Mon Oct 24 09:20:08 2016 -0500

    fixed typo

commit 8e0755d0c24ce6a44e06dd19f537506792c31bbb
Author: Brian Bechtel <brianbechtel@outlook.com>
Date:   Mon Oct 24 09:18:56 2016 -0500

    updated README.md

commit 965bfca11a780f65d85ce1151f18ce9e6165a187
Author: Brian Bechtel <brianbechtel@outlook.com>
Date:   Mon Oct 24 09:16:04 2016 -0500

    Porting Front End over to Angular2.
    
    All previous files our now in the backend directory. New files
    are for the Angular2 front end.

commit c1bdd100cbc8e41d436094c9fd5d3a1596bd9513
Author: Brian Bechtel <brianrbechtel@gmail.com>
Date:   Sat Oct 22 08:32:18 2016 -0500

    more interface tweaks

commit 2f281d87fc212ca1a68612a1dcec4aa09a8d3131
Merge: 93ca024 d994dfc
Author: lock14 <lock14@users.noreply.github.com>
Date:   Sat Oct 22 02:51:34 2016 -0500

    Merge pull request #49 from cs373gc-fall-2016/dev
    
    Updated interface

commit d994dfc87aaa356fd962fe5651020b80a3183c1f
Author: Brian Bechtel <brianrbechtel@gmail.com>
Date:   Sat Oct 22 01:24:17 2016 -0500

    Updated interface
    
    Made it so that if there is more than 12 of an item then
    paging occurs

commit 93ca024fb8c2b3efeec740f4f36ffbd5a8df0247
Merge: 0382f68 a3d552e
Author: lock14 <lock14@users.noreply.github.com>
Date:   Fri Oct 21 21:55:59 2016 -0500

    Merge pull request #48 from cs373gc-fall-2016/dev
    
    Fixed bug in the carousel

commit a3d552e41b7ab86acdb77b78b7a8b8ef5774d95a
Author: Brian Bechtel <brianrbechtel@gmail.com>
Date:   Fri Oct 21 21:55:20 2016 -0500

    Fixed bug in the carousel

commit 0382f68ccef51a6e9fda4a1e092ba7158df952b0
Merge: 4f5e8b1 79586b8
Author: lock14 <lock14@users.noreply.github.com>
Date:   Fri Oct 21 21:46:54 2016 -0500

    Merge pull request #47 from cs373gc-fall-2016/dev
    
    more interface tweaks

commit 79586b863c0b31d0f7c29f03d34a4bfe54a4565b
Author: Brian Bechtel <brianrbechtel@gmail.com>
Date:   Fri Oct 21 21:45:13 2016 -0500

    more interface tweaks

commit 4f5e8b19dbf09c60f8abf97f79ce800548928690
Merge: 8c0bb0d 35383db
Author: lock14 <lock14@users.noreply.github.com>
Date:   Fri Oct 21 21:18:09 2016 -0500

    Merge pull request #46 from cs373gc-fall-2016/dev
    
    Dev

commit 35383db09fb11d98602b172c58b581f339770ceb
Merge: 224b0c7 8c0bb0d
Author: Brian Bechtel <brianrbechtel@gmail.com>
Date:   Fri Oct 21 18:45:01 2016 -0500

    Merge branch 'master' into dev

commit 224b0c7b6f742b268a08ba1a8a6d3b20099e3072
Author: Brian Bechtel <brianrbechtel@gmail.com>
Date:   Fri Oct 21 18:44:16 2016 -0500

    tweaked the about page

commit 8c0bb0d03ef34645ee3a2b0e99489ea36744d15d
Author: lock14 <brianrbechtel@gmail.com>
Date:   Fri Oct 21 13:18:31 2016 -0500

    Transferring API Description file from Apiary.io

commit ef092a75c867b89c78902f73b7a5c17bbc66f3ec
Merge: 581032b a501927
Author: lock14 <lock14@users.noreply.github.com>
Date:   Thu Oct 20 19:35:33 2016 -0500

    Merge pull request #44 from cs373gc-fall-2016/dev
    
    fixed bug

commit a5019272061fe752daab03391e9f181df4ac1ea3
Author: Ubuntu <ubuntu@ip-172-31-21-2.us-west-2.compute.internal>
Date:   Fri Oct 21 00:31:59 2016 +0000

    fixed bug

commit 581032bff865733ad5d1b2c5b29705ef2df1a93a
Merge: 70c1f5a e869f3e
Author: lock14 <lock14@users.noreply.github.com>
Date:   Thu Oct 20 18:12:59 2016 -0500

    Merge pull request #43 from cs373gc-fall-2016/dev
    
    Kludge to fix bug with name 'c#'

commit e869f3ef20052ac6568e498a52427cea23ece1a6
Author: Ubuntu <ubuntu@ip-172-31-21-2.us-west-2.compute.internal>
Date:   Thu Oct 20 23:10:12 2016 +0000

    Kludge to fix bug with name 'c#'
    
    A more permant fix such as URL encoding the names should be implented in
    the future

commit 70c1f5a76fc6805851eacb00ca4e2ff87a3a8961
Merge: d98b287 f77c34c
Author: lock14 <lock14@users.noreply.github.com>
Date:   Thu Oct 20 18:01:54 2016 -0500

    Merge pull request #42 from cs373gc-fall-2016/dev
    
    Dev

commit d98b287380bcab03719bff78e7a4184965de173c
Author: cindywu <cindywu2018@utexas.edu>
Date:   Thu Oct 20 13:20:47 2016 -0500

    updated descriptions for my role

commit b10a1bc48c6f72db0d3959b441c940a15b5d9c29
Author: cindywu <cindywu2018@utexas.edu>
Date:   Thu Oct 20 13:01:27 2016 -0500

    updated descriptions for my role

commit f77c34c92870861f5eef72b20f0db3aa004e30de
Author: Brian Bechtel <brianbechtel@outlook.com>
Date:   Thu Oct 20 12:58:17 2016 -0500

    Fixed a typo and made things slightly more mobile friendly

commit 3d14f345aa2d676ed9d382b8c5ef17bcfa3c353c
Author: Brian Bechtel <brianbechtel@outlook.com>
Date:   Thu Oct 20 12:29:53 2016 -0500

    dev was behind master

commit 71a96642854a40ca07438a3ddf9bc3614226cea8
Merge: d98b287 4c3cc2c
Author: Brian Bechtel <brianbechtel@outlook.com>
Date:   Thu Oct 20 12:29:03 2016 -0500

    Merge branch 'dev' of https://github.com/cs373gc-fall-2016/spartify into dev

commit 4c3cc2cfa047cf9f6be775d596097b0616ddb896
Merge: 0b7015c 68d6284
Author: Jack Jiang <jackjiang@utexas.edu>
Date:   Thu Oct 20 17:11:19 2016 -0500

    Merge branch 'dev' of https://github.com/cs373gc-fall-2016/spartify into dev

commit 0b7015c4eec5420b5a1bdd228f52cf979668b0f0
Author: Jack Jiang <jackjiang@utexas.edu>
Date:   Thu Oct 20 17:11:03 2016 -0500

    removed -pkg-resources==0.0.0 dependency and old index.html

commit 3074794c1d8bc30f72256eab90482adf4a6eb376
Author: Ubuntu <ubuntu@ip-172-31-21-2.us-west-2.compute.internal>
Date:   Thu Oct 20 15:52:13 2016 +0000

    found a typo

commit 4783271cab7533b594bd1825efeb99b0820fddf7
Merge: a5c4e79 68d6284
Author: lock14 <lock14@users.noreply.github.com>
Date:   Thu Oct 20 08:45:53 2016 -0700

    Merge pull request #37 from cs373gc-fall-2016/dev
    
    Dev

commit a5c4e7976241c5be2ddbf1d4acf2164cf73f8b32
Merge: f791455 cf293ff
Author: lock14 <lock14@users.noreply.github.com>
Date:   Thu Oct 20 07:41:20 2016 -0700

    Merge pull request #30 from cs373gc-fall-2016/ui_idea
    
    Tuned links into squares

commit f791455a8a256a4f54e008d7a407b42f42c2e0dc
Author: Ubuntu <ubuntu@ip-172-31-21-2.us-west-2.compute.internal>
Date:   Thu Oct 20 12:12:31 2016 +0000

    For hosing on AWS

commit 5890fe5358e5c4d8117514ddcb421fbe10cfd6d7
Author: Brian Bechtel <brianrbechtel@gmail.com>
Date:   Thu Oct 20 07:04:32 2016 -0500

    closes #6
    
    Updated UML.pdf

commit 68d628430a7213e715aa70b1ff0cb20baca41edc
Merge: 17f6606 077d0f4
Author: Brian Bechtel <brianbechtel@outlook.com>
Date:   Thu Oct 20 05:41:52 2016 -0500

    Merge branch 'ui_idea' into dev

commit 17f6606cc57e13eae5d38b63ec1c2a7afb8d3bee
Author: Brian Bechtel <brianbechtel@outlook.com>
Date:   Thu Oct 20 05:36:40 2016 -0500

    test

commit 077d0f4af7db245c1dd674393d0609b27c38549c
Author: Brian Bechtel <brianbechtel@outlook.com>
Date:   Thu Oct 20 05:33:38 2016 -0500

    Finished About page, Tweaked UI

commit f69671425c36463bf26682cba961b02e56015433
Author: Ubuntu <ubuntu@ip-172-31-21-2.us-west-2.compute.internal>
Date:   Thu Oct 20 10:21:50 2016 +0000

    Unit test number was wrong

commit 0be4d68a0347818638ac216cd3ef43188f197ca0
Author: Ubuntu <ubuntu@ip-172-31-21-2.us-west-2.compute.internal>
Date:   Thu Oct 20 10:19:56 2016 +0000

    Not needed

commit fb798944b9241ff13b3ffd9f0159d62e0d3ada53
Author: Ubuntu <ubuntu@ip-172-31-21-2.us-west-2.compute.internal>
Date:   Thu Oct 20 10:18:49 2016 +0000

    Documentation

commit a261a99bcfe0c4d4bd069fca8005ef4f257bb869
Author: Ubuntu <ubuntu@ip-172-31-21-2.us-west-2.compute.internal>
Date:   Thu Oct 20 09:59:20 2016 +0000

    one more unit test

commit 9c7b2d356cb89a10b3ff8f96bcf25fe5774df09f
Author: Ubuntu <ubuntu@ip-172-31-21-2.us-west-2.compute.internal>
Date:   Thu Oct 20 09:54:46 2016 +0000

    more unit tests

commit cf293ff25cd309df35c740ecee24f7b1944ae374
Author: Brian Bechtel <brianbechtel@outlook.com>
Date:   Thu Oct 20 04:37:08 2016 -0500

    Tuned links into squares

commit dc2f088976116a381d890e31a78050979be489f4
Merge: 3570b11 80e57b1
Author: Ubuntu <ubuntu@ip-172-31-21-2.us-west-2.compute.internal>
Date:   Thu Oct 20 09:31:39 2016 +0000

    Merge branch 'master' of https://github.com/cs373gc-fall-2016/spartify

commit 3570b11c5f13d5e7fbdd6a5f6fcffdb73d504483
Author: Ubuntu <ubuntu@ip-172-31-21-2.us-west-2.compute.internal>
Date:   Thu Oct 20 09:31:03 2016 +0000

    updated makefile ran autopep8

commit 80e57b157043bd80d69eecd1e8474b871cde04e0
Author: lock14 <lock14@users.noreply.github.com>
Date:   Thu Oct 20 04:09:14 2016 -0500

    Update README.md

commit f68fb18f7245ca5e60ba59c9d43fac47bbde415b
Merge: 9f53e11 d4312b4
Author: lock14 <lock14@users.noreply.github.com>
Date:   Thu Oct 20 01:39:03 2016 -0700

    Merge pull request #14 from cs373gc-fall-2016/dev
    
    Dev

commit d4312b4471f0e579b6db5e532b2308cef64f25e6
Author: Brian Bechtel <brianbechtel@outlook.com>
Date:   Thu Oct 20 15:31:35 2016 -0500

    out of tests

commit 50d8bcc385499b7f623afd9674d0b84f41d6d6c8
Merge: 4aeccc4 61f3889
Author: Brian Bechtel <brianbechtel@outlook.com>
Date:   Thu Oct 20 15:30:29 2016 -0500

    Merge branch 'about_and_splash' into dev

commit 4aeccc43cf9c5fb411cac132a396ec1abc127fd0
Author: Brian Bechtel <brianbechtel@outlook.com>
Date:   Thu Oct 20 15:27:11 2016 -0500

    update

commit 5d5469597e95a9e8806bf216eaccc7da3d7de72f
Merge: 934f5ec 83e5dbd
Author: Brian Bechtel <brianbechtel@outlook.com>
Date:   Thu Oct 20 15:25:37 2016 -0500

    Merge branch 'dev' of https://github.com/cs373gc-fall-2016/spartify into dev

commit 934f5ec69816d6f1e6d0917479554596cb03c82d
Author: Brian Bechtel <brianbechtel@outlook.com>
Date:   Thu Oct 20 15:25:21 2016 -0500

    updates to unit test

commit 18b8766910ded83f36a4182c3af079dfce41b774
Author: Brian Bechtel <brianbechtel@outlook.com>
Date:   Thu Oct 20 15:08:29 2016 -0500

    Unit Test

commit 7636b0a393607e6455f699e154c07bee2fcf82ab
Author: Brian Bechtel <brianbechtel@outlook.com>
Date:   Thu Oct 20 13:21:27 2016 -0500

    added makefile and travis.yml

commit 6c2e808d98b020dccf7f9ef98868ec7b98064885
Author: Brian Bechtel <brianbechtel@outlook.com>
Date:   Thu Oct 20 13:21:09 2016 -0500

    updated unit tests

commit 61f3889d96054af9aef51072a1f0e8f6b241ad12
Author: Brian Bechtel <brianbechtel@outlook.com>
Date:   Thu Oct 20 13:02:09 2016 -0500

    finished design of about page.
    
    The page just needs information about other group members now

commit 83e5dbda9d8cc4859179d4feb7f82a3889db28b8
Merge: 7ff599a 9f53e11
Author: jack0lantern <j_j_jiang@yahoo.com>
Date:   Thu Oct 20 02:25:45 2016 -0500

    Merge remote-tracking branch 'refs/remotes/origin/master' into dev

commit cb217b64f286798287718fffd0a1240be0e85d89
Author: Brian Bechtel <brianrbechtel@gmail.com>
Date:   Wed Oct 19 23:30:40 2016 -0500

    Basic carousel, and beginnings of an about page

commit 9f53e111753eedeb5a01784f2b65e508424fb524
Merge: d1b17c4 7ff599a
Author: lock14 <lock14@users.noreply.github.com>
Date:   Wed Oct 19 20:12:42 2016 -0700

    Merge pull request #9 from cs373gc-fall-2016/dev
    
    Dev

commit 7ff599a38047ca063865c0f3660359e7ba695319
Author: Brian Bechtel <brianrbechtel@gmail.com>
Date:   Wed Oct 19 22:12:00 2016 -0500

    Made an instance page for each model

commit d1b17c46d49bc35358bcfc41f6ef3dade3fe2839
Author: jack0lantern <jack0lantern@users.noreply.github.com>
Date:   Wed Oct 19 14:27:49 2016 -0500

    Delete CNAME

commit 3353bb863224322dd94a4809d3d1ced83c27a6fa
Author: lock14 <lock14@users.noreply.github.com>
Date:   Wed Oct 19 08:41:14 2016 -0700

    Update README.md

commit fcaed3fc9079b641ac7acf48153efe1d897efdc6
Author: lock14 <lock14@users.noreply.github.com>
Date:   Wed Oct 19 08:39:37 2016 -0700

    Update README.md

commit fd65ae08f816bc8c8409a164d25829f5efbaffa0
Author: lock14 <lock14@users.noreply.github.com>
Date:   Wed Oct 19 05:21:39 2016 -0500

    Update README.md

commit 31e4d7615485a504dfb3321184b710d652ec9c03
Author: lock14 <lock14@users.noreply.github.com>
Date:   Wed Oct 19 05:21:10 2016 -0500

    Update README.md

commit 69d56b55021f22516755cd7a1bd80730ba997474
Author: lock14 <lock14@users.noreply.github.com>
Date:   Wed Oct 19 05:18:45 2016 -0500

    Update README.md

commit 64a272c8f535d562729c51a8be49fa5960741392
Merge: ab009ab 3d18ca9
Author: lock14 <lock14@users.noreply.github.com>
Date:   Wed Oct 19 04:01:03 2016 -0500

    Merge pull request #5 from cs373gc-fall-2016/master
    
    dev out of date

commit 3d18ca9bd28429737248253e86f332f7a4798455
Author: Brian Bechtel <brianrbechtel@gmail.com>
Date:   Wed Oct 19 04:00:08 2016 -0500

    Basic Templates

commit df5db55dc7e1a15a38359b44bbfcbdb31d29fd33
Author: lock14 <brianrbechtel@gmail.com>
Date:   Tue Oct 18 22:50:05 2016 -0500

    Transferring API Description file from Apiary.io

commit ab009abdbc05ec441f87d4693ae860e4b2ee93e7
Merge: 1ba7074 9a52586
Author: lock14 <lock14@users.noreply.github.com>
Date:   Tue Oct 18 16:11:36 2016 -0500

    Merge pull request #4 from cs373gc-fall-2016/master
    
    dev out of date

commit 9a5258660783bc3a62f145472b8070c5dced9ef3
Author: Brian Bechtel <brianrbechtel@gmail.com>
Date:   Tue Oct 18 06:38:56 2016 -0500

    fixed typo

commit 7dd923a5e4eef0abc222cbfcf7d5defe2feca706
Author: Brian Bechtel <brianrbechtel@gmail.com>
Date:   Tue Oct 18 06:37:19 2016 -0500

    added requirements.txt, updted README

commit 45ef8864f4420dcb3959608298c958aade9675c2
Author: Brian Bechtel <brianrbechtel@gmail.com>
Date:   Tue Oct 18 05:44:44 2016 -0500

    Made it so each model has 5 attributes

commit 22225badacad62c6341a0f23fbb6276109103f8c
Author: Brian Bechtel <brianrbechtel@gmail.com>
Date:   Tue Oct 18 03:58:58 2016 -0500

    Added UML diagram

commit a34e63c09fb579a08077e5001817dd5f9f432fb4
Author: Brian Bechtel <brianrbechtel@gmail.com>
Date:   Tue Oct 18 03:27:18 2016 -0500

    Split up app.py into different files to accomodate testing
    
    Can't get the unit test to work yet though

commit c4152bf377482ceabe3e4e0e45bfc73e05e53e1c
Author: Brian Bechtel <brianrbechtel@gmail.com>
Date:   Tue Oct 18 00:39:32 2016 -0500

    typo in the README

commit 94792da33bf681a9a75c9b95525530729ae650e5
Merge: 49171d1 1ba7074
Author: lock14 <lock14@users.noreply.github.com>
Date:   Tue Oct 18 00:38:12 2016 -0500

    Merge pull request #3 from cs373gc-fall-2016/dev
    
    Dev

commit 1ba7074fa01abcc63cc4c95e3130dfca933ca786
Merge: 6d8f633 c8b1efe
Author: lock14 <lock14@users.noreply.github.com>
Date:   Tue Oct 18 00:37:50 2016 -0500

    Merge pull request #2 from cs373gc-fall-2016/backend-work
    
    Backend finshed

commit c8b1efed80327be536babb1c734167e065a9a7ae
Author: Brian Bechtel <brianrbechtel@gmail.com>
Date:   Tue Oct 18 00:35:36 2016 -0500

    Backend finshed
    
    Sample data scapred from github is dumped into dump.sql.
    intrstruction on how to load the data into a databse is located in the README

commit 6d8f633fcdb5b64f5b631b7b47c4dc00c9ddeaf1
Merge: 49171d1 1f0c0d1
Author: lock14 <lock14@users.noreply.github.com>
Date:   Mon Oct 17 22:40:09 2016 -0500

    Merge pull request #1 from cs373gc-fall-2016/backend-work
    
    backend should be finished, just need to load DB with data

commit 1f0c0d160f11840adc5656baa14f8d8a3a5b8ca6
Author: Brian Bechtel <brianrbechtel@gmail.com>
Date:   Mon Oct 17 22:38:49 2016 -0500

    backend should be finished, just need to load DB with data

commit 49171d1dce0f506a0f3c37070a4f92e6b28766f9
Merge: 6f76a13 593d326
Author: Brian Bechtel <brianrbechtel@gmail.com>
Date:   Mon Oct 17 20:37:59 2016 -0500

    Merge branch 'master' of https://github.com/cs373gc-fall-2016/spartify

commit 6f76a13789994f399ebeaca17c56ac2a83dee982
Author: Brian Bechtel <brianrbechtel@gmail.com>
Date:   Mon Oct 17 20:37:17 2016 -0500

    Didn't quite conform to the API, fixed now

commit 593d326cfb78d026c30f30426dad2a84e5af4cac
Author: lock14 <brianrbechtel@gmail.com>
Date:   Mon Oct 17 20:35:47 2016 -0500

    Transferring API Description file from Apiary.io

commit 7d829ba45ddbe4d24ca29436a70ff7b4bc52a793
Author: Brian Bechtel <brianrbechtel@gmail.com>
Date:   Mon Oct 17 20:09:54 2016 -0500

    Made a dummyapp.py
    
    dummyapp.py conforms to the REST API defined on apiary and
    includes dummy data.
    This will hopefully make developing the frontend easier as
    you can use dummyapp.py as the backend while the actual backend
    is still being developed

commit 7f5459e5f7d2bedd2efa55722bfc96912375952c
Merge: 57edc86 9ce590e
Author: rajvanshyr <rajvanshyr@utexas.edu>
Date:   Mon Oct 17 19:16:14 2016 -0500

    Merge branch 'master' of https://github.com/cs373gc-fall-2016/spartify

commit 57edc86f20eebb8e1cc611817280a0a71c0e0313
Author: rajvanshyr <rajvanshyr@utexas.edu>
Date:   Mon Oct 17 19:14:55 2016 -0500

    added some prelimnary models for backend

commit 2ee3cae85a996fa25d400a1ab71375b39d093ef0
Author: rajvanshyr <rajvanshyr@utexas.edu>
Date:   Mon Oct 17 19:12:07 2016 -0500

    added some real data to the models

commit 9ce590edc064996299aad4e2c826e5fad119fab8
Author: lock14 <brianrbechtel@gmail.com>
Date:   Mon Oct 17 18:21:36 2016 -0500

    Transferring API Description file from Apiary.io

commit ec089b578015731cc00a25071e1ad52947904294
Author: jack0lantern <j_j_jiang@yahoo.com>
Date:   Mon Oct 17 18:10:31 2016 -0500

    added index.html

commit 3e56025c074ebdfe119089760c528125510969d9
Author: jack0lantern <jack0lantern@users.noreply.github.com>
Date:   Mon Oct 17 18:08:24 2016 -0500

    Create CNAME

commit 18429fe5c27babb6f7c25c8301ecabe7e4dc8b2a
Author: lock14 <brianrbechtel@gmail.com>
Date:   Mon Oct 17 18:05:56 2016 -0500

    Transferring API Description file from Apiary.io

commit 2ab7e172a250555913a048ce7206af9ac3f913f6
Author: lock14 <brianrbechtel@gmail.com>
Date:   Mon Oct 17 18:02:58 2016 -0500

    Transferring API Description file from Apiary.io

commit db66c2f1b60e7ad6b2ff8720a7cb5249aeee255d
Author: lock14 <brianrbechtel@gmail.com>
Date:   Mon Oct 17 18:01:30 2016 -0500

    Transferring API Description file from Apiary.io

commit c6834911fe19d32f40c69be5f8931409fc40d7fd
Author: lock14 <brianrbechtel@gmail.com>
Date:   Mon Oct 17 17:45:30 2016 -0500

    Transferring API Description file from Apiary.io

commit 3fed04c39b76443199c56e263721b21fd35a4c29
Author: lock14 <brianrbechtel@gmail.com>
Date:   Mon Oct 17 17:32:07 2016 -0500

    Transferring API Description file from Apiary.io

commit 41df0a67891f2cd6eaab9063b807f862ed92d133
Author: lock14 <brianrbechtel@gmail.com>
Date:   Mon Oct 17 13:36:15 2016 -0500

    Transferring API Description file from Apiary.io

commit be7b1cdd9ff9924552e21295f069ca8810713bac
Author: Brian Bechtel <brianrbechtel@gmail.com>
Date:   Mon Oct 17 03:04:09 2016 -0500

    updated readme

commit 2df9c7f13c869bfa21284a08a70dd1adb2007c5e
Author: Brian Bechtel <brianrbechtel@gmail.com>
Date:   Mon Oct 17 03:01:43 2016 -0500

    removed

commit 6223f6ce7782ab7006750eb03c8ac75a2b7a9588
Author: Brian Bechtel <brianrbechtel@gmail.com>
Date:   Mon Oct 17 02:59:38 2016 -0500

    moved everything to app.py
    
    I apparantly don't understand python well enough to split things up
    everything is in app.py for the time being

commit 90ff459b624d73d792cfd29ac3dc936dfb9f892c
Author: Brian Bechtel <core.editor>
Date:   Sun Oct 16 23:31:41 2016 -0500

    redoing the models and putting them in one file.
    
    This may change though

commit 73f90791af6e4dc15556e98737766bf1cdb6837a
Author: lock14 <brianrbechtel@gmail.com>
Date:   Sun Oct 16 21:36:31 2016 -0500

    Transferring API Description file from Apiary.io

commit 09de99f1e162b8e6e083e36fccfcf338adc33da0
Author: lock14 <brianrbechtel@gmail.com>
Date:   Sun Oct 16 21:35:08 2016 -0500

    Transferring API Description file from Apiary.io

commit 42642d0f74ef0d46a0b25f4d8ca08db982aec940
Author: Brian Bechtel <brianrbechtel@gmail.com>
Date:   Sun Oct 16 19:03:38 2016 -0500

    Added index.html template and hooked up to app.py

commit 71e2f9717d25ab495e0aa7050a22df3a03ff62ce
Author: Brian Bechtel <brianrbechtel@gmail.com>
Date:   Sun Oct 16 18:57:49 2016 -0500

    Added Boostrap css, javascript, and fonts

commit 6f7d25b9cae85c7e29284abe1a19a0e1093a9261
Author: Brian Bechtel <brianrbechtel@gmail.com>
Date:   Sun Oct 16 18:43:13 2016 -0500

    Added very simpl model classes
    
    A model class for Language, Contributor, Company, and Project

commit 5c5b075d90658849d64b05be8dd4e56d4e38f79e
Author: Brian Bechtel <brianrbechtel@gmail.com>
Date:   Sun Oct 16 18:16:18 2016 -0500

    Made super simple Flask app that does practically nothing
